@!@!@STARTMSG 2262:0 @!@!@
TLC2 Version 2.14 of 10 July 2019
@!@!@ENDMSG 2262 @!@!@
@!@!@STARTMSG 2187:0 @!@!@
Running breadth-first search Model-Checking with fp 101 and seed 5585276251043327032 with 4 workers on 8 cores with 1214MB heap and 2730MB offheap memory [pid: 99599] (Mac OS X 10.14.6 x86_64, AdoptOpenJDK 11.0.3 x86_64, OffHeapDiskFPSet, DiskStateQueue).
@!@!@ENDMSG 2187 @!@!@
@!@!@STARTMSG 2220:0 @!@!@
Starting SANY...
@!@!@ENDMSG 2220 @!@!@
Parsing file /Users/samuelschetterer/specs/queue.toolbox/Queue/MC.tla
Parsing file /Users/samuelschetterer/specs/queue.toolbox/Queue/queue.tla
Parsing file /Applications/TLA+ Toolbox.app/Contents/Eclipse/plugins/org.lamport.tlatools_1.0.0.201907102009/tla2sany/StandardModules/TLC.tla
Parsing file /Applications/TLA+ Toolbox.app/Contents/Eclipse/plugins/org.lamport.tlatools_1.0.0.201907102009/tla2sany/StandardModules/Integers.tla
Parsing file /Applications/TLA+ Toolbox.app/Contents/Eclipse/plugins/org.lamport.tlatools_1.0.0.201907102009/tla2sany/StandardModules/Naturals.tla
Parsing file /Applications/TLA+ Toolbox.app/Contents/Eclipse/plugins/org.lamport.tlatools_1.0.0.201907102009/tla2sany/StandardModules/Sequences.tla
Parsing file /Applications/TLA+ Toolbox.app/Contents/Eclipse/plugins/org.lamport.tlatools_1.0.0.201907102009/tla2sany/StandardModules/FiniteSets.tla
Semantic processing of module Naturals
Semantic processing of module Integers
Semantic processing of module queue
Semantic processing of module Sequences
Semantic processing of module FiniteSets
Semantic processing of module TLC
Semantic processing of module MC
@!@!@STARTMSG 2219:0 @!@!@
SANY finished.
@!@!@ENDMSG 2219 @!@!@
@!@!@STARTMSG 2185:0 @!@!@
Starting... (2019-11-17 22:21:52)
@!@!@ENDMSG 2185 @!@!@
@!@!@STARTMSG 2189:0 @!@!@
Computing initial states...
@!@!@ENDMSG 2189 @!@!@
@!@!@STARTMSG 2190:0 @!@!@
Finished computing initial states: 1 distinct state generated at 2019-11-17 22:21:52.
@!@!@ENDMSG 2190 @!@!@
@!@!@STARTMSG 2110:1 @!@!@
Invariant inv_157404731188995000 is violated.
@!@!@ENDMSG 2110 @!@!@
@!@!@STARTMSG 2121:1 @!@!@
The behavior up to this point is:
@!@!@ENDMSG 2121 @!@!@
@!@!@STARTMSG 2217:4 @!@!@
1: <Initial predicate>
/\ did_proper_read = 1
/\ buffer = <<-1, -1, -1, -1>>
/\ pc = (0 :> "Write" @@ 1 :> "Read")
/\ read_ind = 4
/\ last_read = 0
/\ write_ind = 4

@!@!@ENDMSG 2217 @!@!@
@!@!@STARTMSG 2217:4 @!@!@
2: <Write line 54, col 10 to line 61, col 64 of module queue>
/\ did_proper_read = 1
/\ buffer = <<4, -1, -1, -1>>
/\ pc = (0 :> "Write" @@ 1 :> "Read")
/\ read_ind = 4
/\ last_read = 0
/\ write_ind = 5

@!@!@ENDMSG 2217 @!@!@
@!@!@STARTMSG 2217:4 @!@!@
3: <Write line 54, col 10 to line 61, col 64 of module queue>
/\ did_proper_read = 1
/\ buffer = <<4, 5, -1, -1>>
/\ pc = (0 :> "Write" @@ 1 :> "Read")
/\ read_ind = 4
/\ last_read = 0
/\ write_ind = 6

@!@!@ENDMSG 2217 @!@!@
@!@!@STARTMSG 2217:4 @!@!@
4: <Write line 54, col 10 to line 61, col 64 of module queue>
/\ did_proper_read = 1
/\ buffer = <<4, 5, 6, -1>>
/\ pc = (0 :> "Write" @@ 1 :> "Read")
/\ read_ind = 4
/\ last_read = 0
/\ write_ind = 7

@!@!@ENDMSG 2217 @!@!@
@!@!@STARTMSG 2217:4 @!@!@
5: <Write line 54, col 10 to line 61, col 64 of module queue>
/\ did_proper_read = 1
/\ buffer = <<4, 5, 6, 7>>
/\ pc = (0 :> "Write" @@ 1 :> "Read")
/\ read_ind = 4
/\ last_read = 0
/\ write_ind = 8

@!@!@ENDMSG 2217 @!@!@
@!@!@STARTMSG 2217:4 @!@!@
6: <Write line 54, col 10 to line 61, col 64 of module queue>
/\ did_proper_read = 1
/\ buffer = <<8, 5, 6, 7>>
/\ pc = (0 :> "Write" @@ 1 :> "Read")
/\ read_ind = 4
/\ last_read = 0
/\ write_ind = 9

@!@!@ENDMSG 2217 @!@!@
@!@!@STARTMSG 2217:4 @!@!@
7: <Read line 65, col 9 to line 80, col 44 of module queue>
/\ did_proper_read = 0
/\ buffer = <<8, 5, 6, 7>>
/\ pc = (0 :> "Write" @@ 1 :> "Read")
/\ read_ind = 5
/\ last_read = 8
/\ write_ind = 9

@!@!@ENDMSG 2217 @!@!@
@!@!@STARTMSG 2201:0 @!@!@
The coverage statistics at 2019-11-17 22:21:52
@!@!@ENDMSG 2201 @!@!@
@!@!@STARTMSG 2773:0 @!@!@
<Init line 45, col 1 to line 45, col 4 of module queue>: 2:2
@!@!@ENDMSG 2773 @!@!@
@!@!@STARTMSG 2221:0 @!@!@
  line 46, col 9 to line 52, col 62 of module queue: 2
@!@!@ENDMSG 2221 @!@!@
@!@!@STARTMSG 2772:0 @!@!@
<Write line 54, col 1 to line 54, col 5 of module queue>: 16:24
@!@!@ENDMSG 2772 @!@!@
@!@!@STARTMSG 2221:0 @!@!@
  line 54, col 13 to line 54, col 27 of module queue: 48
@!@!@ENDMSG 2221 @!@!@
@!@!@STARTMSG 2221:0 @!@!@
  |line 54, col 13 to line 54, col 17 of module queue: 24
@!@!@ENDMSG 2221 @!@!@
@!@!@STARTMSG 2221:0 @!@!@
  line 55, col 16 to line 55, col 34 of module queue: 24
@!@!@ENDMSG 2221 @!@!@
@!@!@STARTMSG 2221:0 @!@!@
  line 56, col 21 to line 58, col 55 of module queue: 24
@!@!@ENDMSG 2221 @!@!@
@!@!@STARTMSG 2221:0 @!@!@
  line 59, col 24 to line 59, col 54 of module queue: 0
@!@!@ENDMSG 2221 @!@!@
@!@!@STARTMSG 2221:0 @!@!@
  line 60, col 24 to line 60, col 56 of module queue: 0
@!@!@ENDMSG 2221 @!@!@
@!@!@STARTMSG 2221:0 @!@!@
  line 61, col 13 to line 61, col 64 of module queue: 24
@!@!@ENDMSG 2221 @!@!@
@!@!@STARTMSG 2772:0 @!@!@
<Read line 65, col 1 to line 65, col 4 of module queue>: 9:19
@!@!@ENDMSG 2772 @!@!@
@!@!@STARTMSG 2221:0 @!@!@
  line 65, col 12 to line 65, col 25 of module queue: 38
@!@!@ENDMSG 2221 @!@!@
@!@!@STARTMSG 2221:0 @!@!@
  |line 65, col 12 to line 65, col 16 of module queue: 19
@!@!@ENDMSG 2221 @!@!@
@!@!@STARTMSG 2221:0 @!@!@
  line 66, col 15 to line 66, col 32 of module queue: 19
@!@!@ENDMSG 2221 @!@!@
@!@!@STARTMSG 2221:0 @!@!@
  line 67, col 26 to line 67, col 45 of module queue: 19
@!@!@ENDMSG 2221 @!@!@
@!@!@STARTMSG 2221:0 @!@!@
  line 68, col 34 to line 68, col 78 of module queue: 15
@!@!@ENDMSG 2221 @!@!@
@!@!@STARTMSG 2221:0 @!@!@
  line 69, col 37 to line 69, col 58 of module queue: 15
@!@!@ENDMSG 2221 @!@!@
@!@!@STARTMSG 2221:0 @!@!@
  line 70, col 42 to line 70, col 64 of module queue: 5
@!@!@ENDMSG 2221 @!@!@
@!@!@STARTMSG 2221:0 @!@!@
  line 71, col 45 to line 71, col 48 of module queue: 10
@!@!@ENDMSG 2221 @!@!@
@!@!@STARTMSG 2221:0 @!@!@
  line 72, col 45 to line 72, col 69 of module queue: 10
@!@!@ENDMSG 2221 @!@!@
@!@!@STARTMSG 2221:0 @!@!@
  line 73, col 34 to line 73, col 57 of module queue: 15
@!@!@ENDMSG 2221 @!@!@
@!@!@STARTMSG 2221:0 @!@!@
  line 74, col 34 to line 74, col 37 of module queue: 4
@!@!@ENDMSG 2221 @!@!@
@!@!@STARTMSG 2221:0 @!@!@
  line 75, col 34 to line 76, col 64 of module queue: 4
@!@!@ENDMSG 2221 @!@!@
@!@!@STARTMSG 2221:0 @!@!@
  line 77, col 23 to line 77, col 53 of module queue: 19
@!@!@ENDMSG 2221 @!@!@
@!@!@STARTMSG 2221:0 @!@!@
  line 78, col 23 to line 78, col 53 of module queue: 0
@!@!@ENDMSG 2221 @!@!@
@!@!@STARTMSG 2221:0 @!@!@
  line 79, col 23 to line 79, col 74 of module queue: 0
@!@!@ENDMSG 2221 @!@!@
@!@!@STARTMSG 2221:0 @!@!@
  line 80, col 12 to line 80, col 44 of module queue: 19
@!@!@ENDMSG 2221 @!@!@
@!@!@STARTMSG 2772:0 @!@!@
<Terminating line 85, col 1 to line 85, col 11 of module queue>: 0:0
@!@!@ENDMSG 2772 @!@!@
@!@!@STARTMSG 2221:0 @!@!@
  line 85, col 19 to line 85, col 56 of module queue: 14
@!@!@ENDMSG 2221 @!@!@
@!@!@STARTMSG 2221:0 @!@!@
  line 86, col 19 to line 86, col 32 of module queue: 0
@!@!@ENDMSG 2221 @!@!@
@!@!@STARTMSG 2774:0 @!@!@
<inv_157404731188993000 line 5, col 1 to line 5, col 22 of module MC>
@!@!@ENDMSG 2774 @!@!@
@!@!@STARTMSG 2221:0 @!@!@
  line 6, col 1 to line 6, col 21 of module MC: 26
@!@!@ENDMSG 2221 @!@!@
@!@!@STARTMSG 2774:0 @!@!@
<inv_157404731188994000 line 9, col 1 to line 9, col 22 of module MC>
@!@!@ENDMSG 2774 @!@!@
@!@!@STARTMSG 2221:0 @!@!@
  line 10, col 1 to line 10, col 15 of module MC: 26
@!@!@ENDMSG 2221 @!@!@
@!@!@STARTMSG 2774:0 @!@!@
<inv_157404731188995000 line 13, col 1 to line 13, col 22 of module MC>
@!@!@ENDMSG 2774 @!@!@
@!@!@STARTMSG 2221:0 @!@!@
  line 14, col 1 to line 14, col 19 of module MC: 26
@!@!@ENDMSG 2221 @!@!@
@!@!@STARTMSG 2202:0 @!@!@
End of statistics.
@!@!@ENDMSG 2202 @!@!@
@!@!@STARTMSG 2200:0 @!@!@
Progress(10) at 2019-11-17 22:21:52: 37 states generated (2,281 s/min), 26 distinct states found (1,603 ds/min), 4 states left on queue.
@!@!@ENDMSG 2200 @!@!@
@!@!@STARTMSG 2199:0 @!@!@
37 states generated, 26 distinct states found, 4 states left on queue.
@!@!@ENDMSG 2199 @!@!@
@!@!@STARTMSG 2194:0 @!@!@
The depth of the complete state graph search is 10.
@!@!@ENDMSG 2194 @!@!@
@!@!@STARTMSG 2268:0 @!@!@
The average outdegree of the complete state graph is 1 (minimum is 0, the maximum 2 and the 95th percentile is 2).
@!@!@ENDMSG 2268 @!@!@
@!@!@STARTMSG 2186:0 @!@!@
Finished in 976ms at (2019-11-17 22:21:52)
@!@!@ENDMSG 2186 @!@!@
